#
# There is insufficient memory for the Java Runtime Environment to continue.
# Native memory allocation (malloc) failed to allocate 262160 bytes for Chunk::new
# Possible reasons:
#   The system is out of physical RAM or swap space
#   In 32 bit mode, the process size limit was hit
# Possible solutions:
#   Reduce memory load on the system
#   Increase physical memory or swap space
#   Check if swap backing store is full
#   Use 64 bit Java on a 64 bit OS
#   Decrease Java heap size (-Xmx/-Xms)
#   Decrease number of Java threads
#   Decrease Java thread stack sizes (-Xss)
#   Set larger code cache with -XX:ReservedCodeCacheSize=
# This output file may be truncated or incomplete.
#
#  Out of Memory Error (allocation.cpp:390), pid=1692, tid=2388
#
# JRE version: Java(TM) SE Runtime Environment (8.0_60-b27) (build 1.8.0_60-b27)
# Java VM: Java HotSpot(TM) 64-Bit Server VM (25.60-b23 mixed mode windows-amd64 compressed oops)
# Failed to write core dump. Minidumps are not enabled by default on client versions of Windows
#

---------------  T H R E A D  ---------------

Current thread (0x0000000014b08000):  JavaThread "C2 CompilerThread0" daemon [_thread_in_native, id=2388, stack(0x0000000016070000,0x0000000016170000)]

Stack: [0x0000000016070000,0x0000000016170000]
[error occurred during error reporting (printing stack bounds), id 0xc0000005]

Native frames: (J=compiled Java code, j=interpreted, Vv=VM code, C=native code)


Current CompileTask:
C2:  12470 1610   !   4       com.android.dx.cf.code.Ropper::processBlock (1101 bytes)


---------------  P R O C E S S  ---------------

Java Threads: ( => current thread )
  0x0000000016370800 JavaThread "Service Thread" daemon [_thread_blocked, id=4600, stack(0x0000000016770000,0x0000000016870000)]
  0x0000000014b6d800 JavaThread "C1 CompilerThread2" daemon [_thread_blocked, id=4296, stack(0x0000000016270000,0x0000000016370000)]
  0x0000000014b5d800 JavaThread "C2 CompilerThread1" daemon [_thread_blocked, id=3500, stack(0x0000000016170000,0x0000000016270000)]
=>0x0000000014b08000 JavaThread "C2 CompilerThread0" daemon [_thread_in_native, id=2388, stack(0x0000000016070000,0x0000000016170000)]
  0x0000000014b16000 JavaThread "Attach Listener" daemon [_thread_blocked, id=3800, stack(0x0000000015f70000,0x0000000016070000)]
  0x0000000014b14800 JavaThread "Signal Dispatcher" daemon [_thread_blocked, id=2208, stack(0x0000000015e70000,0x0000000015f70000)]
  0x0000000002435800 JavaThread "Finalizer" daemon [_thread_blocked, id=1560, stack(0x0000000015d70000,0x0000000015e70000)]
  0x000000000242d000 JavaThread "Reference Handler" daemon [_thread_blocked, id=4616, stack(0x0000000015c70000,0x0000000015d70000)]
  0x0000000002340800 JavaThread "main" [_thread_in_Java, id=4456, stack(0x0000000002240000,0x0000000002340000)]

Other Threads:
  0x0000000014ad7000 VMThread [stack: 0x0000000015b70000,0x0000000015c70000] [id=4128]
  0x0000000016379800 WatcherThread [stack: 0x0000000016870000,0x0000000016970000] [id=2092]

VM state:not at safepoint (normal execution)

VM Mutex/Monitor currently owned by a thread: None

Heap:
 PSYoungGen      total 34304K, used 5841K [0x00000000eab00000, 0x00000000eee00000, 0x0000000100000000)
  eden space 31744K, 10% used [0x00000000eab00000,0x00000000eae34770,0x00000000eca00000)
  from space 2560K, 100% used [0x00000000eca00000,0x00000000ecc80000,0x00000000ecc80000)
  to   space 2560K, 0% used [0x00000000eeb80000,0x00000000eeb80000,0x00000000eee00000)
 ParOldGen       total 42496K, used 9179K [0x00000000c0000000, 0x00000000c2980000, 0x00000000eab00000)
  object space 42496K, 21% used [0x00000000c0000000,0x00000000c08f6df8,0x00000000c2980000)
 Metaspace       used 5921K, capacity 7088K, committed 7296K, reserved 1056768K
  class space    used 565K, capacity 616K, committed 640K, reserved 1048576K

Card table byte_map: [0x0000000011800000,0x0000000011a10000] byte_map_base: 0x0000000011200000

Marking Bits: (ParMarkBitMap*) 0x00000000769aa5b0
 Begin Bits: [0x0000000011f70000, 0x0000000012f70000)
 End Bits:   [0x0000000012f70000, 0x0000000013f70000)

Polling page: 0x0000000000850000

CodeCache: size=245760Kb used=7439Kb max_used=7453Kb free=238321Kb
 bounds [0x0000000002440000, 0x0000000002b90000, 0x0000000011440000]
 total_blobs=1908 nmethods=1644 adapters=178
 compilation: enabled

Compilation events (10 events):
Event: 12.245 Thread 0x0000000014b6d800 nmethod 1645 0x0000000002b68410 code [0x0000000002b68560, 0x0000000002b68670]
Event: 12.248 Thread 0x0000000014b6d800 1647       3       com.android.dx.rop.code.Rop::<init> (15 bytes)
Event: 12.248 Thread 0x0000000014b6d800 nmethod 1647 0x0000000002b68050 code [0x0000000002b681c0, 0x0000000002b68368]
Event: 12.250 Thread 0x0000000014b6d800 1648       1       com.android.dx.rop.cst.CstKnownNull::getType (4 bytes)
Event: 12.250 Thread 0x0000000014b6d800 nmethod 1648 0x0000000002b67d50 code [0x0000000002b67ea0, 0x0000000002b67fb0]
Event: 12.367 Thread 0x0000000014b5d800 nmethod 1632% 0x0000000002b88c90 code [0x0000000002b88f40, 0x0000000002b8b490]
Event: 12.368 Thread 0x0000000014b5d800 1646       4       com.android.dx.ssa.SCCP::simulateBlock (54 bytes)
Event: 12.375 Thread 0x0000000014b5d800 nmethod 1646 0x0000000002b85650 code [0x0000000002b857c0, 0x0000000002b85a58]
Event: 12.375 Thread 0x0000000014b5d800 1640       4       com.android.dx.ssa.InterferenceRegisterMapper::addInterfence (62 bytes)
Event: 12.442 Thread 0x0000000014b5d800 nmethod 1640 0x0000000002b8e590 code [0x0000000002b8e740, 0x0000000002b8f3b8]

GC Heap History (6 events):
Event: 2.692 GC heap before
{Heap before GC invocations=1 (full 0):
 PSYoungGen      total 18432K, used 15872K [0x00000000eab00000, 0x00000000ebf80000, 0x0000000100000000)
  eden space 15872K, 100% used [0x00000000eab00000,0x00000000eba80000,0x00000000eba80000)
  from space 2560K, 0% used [0x00000000ebd00000,0x00000000ebd00000,0x00000000ebf80000)
  to   space 2560K, 0% used [0x00000000eba80000,0x00000000eba80000,0x00000000ebd00000)
 ParOldGen       total 42496K, used 0K [0x00000000c0000000, 0x00000000c2980000, 0x00000000eab00000)
  object space 42496K, 0% used [0x00000000c0000000,0x00000000c0000000,0x00000000c2980000)
 Metaspace       used 5624K, capacity 6832K, committed 7040K, reserved 1056768K
  class space    used 563K, capacity 616K, committed 640K, reserved 1048576K
Event: 2.763 GC heap after
Heap after GC invocations=1 (full 0):
 PSYoungGen      total 18432K, used 2551K [0x00000000eab00000, 0x00000000ecf00000, 0x0000000100000000)
  eden space 15872K, 0% used [0x00000000eab00000,0x00000000eab00000,0x00000000eba80000)
  from space 2560K, 99% used [0x00000000eba80000,0x00000000ebcfdc78,0x00000000ebd00000)
  to   space 2560K, 0% used [0x00000000ecc80000,0x00000000ecc80000,0x00000000ecf00000)
 ParOldGen       total 42496K, used 1591K [0x00000000c0000000, 0x00000000c2980000, 0x00000000eab00000)
  object space 42496K, 3% used [0x00000000c0000000,0x00000000c018dcf8,0x00000000c2980000)
 Metaspace       used 5624K, capacity 6832K, committed 7040K, reserved 1056768K
  class space    used 563K, capacity 616K, committed 640K, reserved 1048576K
}
Event: 5.534 GC heap before
{Heap before GC invocations=2 (full 0):
 PSYoungGen      total 18432K, used 18423K [0x00000000eab00000, 0x00000000ecf00000, 0x0000000100000000)
  eden space 15872K, 100% used [0x00000000eab00000,0x00000000eba80000,0x00000000eba80000)
  from space 2560K, 99% used [0x00000000eba80000,0x00000000ebcfdc78,0x00000000ebd00000)
  to   space 2560K, 0% used [0x00000000ecc80000,0x00000000ecc80000,0x00000000ecf00000)
 ParOldGen       total 42496K, used 1591K [0x00000000c0000000, 0x00000000c2980000, 0x00000000eab00000)
  object space 42496K, 3% used [0x00000000c0000000,0x00000000c018dcf8,0x00000000c2980000)
 Metaspace       used 5841K, capacity 7024K, committed 7296K, reserved 1056768K
  class space    used 565K, capacity 616K, committed 640K, reserved 1048576K
Event: 5.666 GC heap after
Heap after GC invocations=2 (full 0):
 PSYoungGen      total 34304K, used 2544K [0x00000000eab00000, 0x00000000ecf00000, 0x0000000100000000)
  eden space 31744K, 0% used [0x00000000eab00000,0x00000000eab00000,0x00000000eca00000)
  from space 2560K, 99% used [0x00000000ecc80000,0x00000000ecefc038,0x00000000ecf00000)
  to   space 2560K, 0% used [0x00000000eca00000,0x00000000eca00000,0x00000000ecc80000)
 ParOldGen       total 42496K, used 4016K [0x00000000c0000000, 0x00000000c2980000, 0x00000000eab00000)
  object space 42496K, 9% used [0x00000000c0000000,0x00000000c03ec2c0,0x00000000c2980000)
 Metaspace       used 5841K, capacity 7024K, committed 7296K, reserved 1056768K
  class space    used 565K, capacity 616K, committed 640K, reserved 1048576K
}
Event: 11.847 GC heap before
{Heap before GC invocations=3 (full 0):
 PSYoungGen      total 34304K, used 34288K [0x00000000eab00000, 0x00000000ecf00000, 0x0000000100000000)
  eden space 31744K, 100% used [0x00000000eab00000,0x00000000eca00000,0x00000000eca00000)
  from space 2560K, 99% used [0x00000000ecc80000,0x00000000ecefc038,0x00000000ecf00000)
  to   space 2560K, 0% used [0x00000000eca00000,0x00000000eca00000,0x00000000ecc80000)
 ParOldGen       total 42496K, used 4016K [0x00000000c0000000, 0x00000000c2980000, 0x00000000eab00000)
  object space 42496K, 9% used [0x00000000c0000000,0x00000000c03ec2c0,0x00000000c2980000)
 Metaspace       used 5917K, capacity 7088K, committed 7296K, reserved 1056768K
  class space    used 565K, capacity 616K, committed 640K, reserved 1048576K
Event: 12.036 GC heap after
Heap after GC invocations=3 (full 0):
 PSYoungGen      total 34304K, used 2560K [0x00000000eab00000, 0x00000000eee00000, 0x0000000100000000)
  eden space 31744K, 0% used [0x00000000eab00000,0x00000000eab00000,0x00000000eca00000)
  from space 2560K, 100% used [0x00000000eca00000,0x00000000ecc80000,0x00000000ecc80000)
  to   space 2560K, 0% used [0x00000000eeb80000,0x00000000eeb80000,0x00000000eee00000)
 ParOldGen       total 42496K, used 9179K [0x00000000c0000000, 0x00000000c2980000, 0x00000000eab00000)
  object space 42496K, 21% used [0x00000000c0000000,0x00000000c08f6df8,0x00000000c2980000)
 Metaspace       used 5917K, capacity 7088K, committed 7296K, reserved 1056768K
  class space    used 565K, capacity 616K, committed 640K, reserved 1048576K
}

Deoptimization events (10 events):
Event: 8.187 Thread 0x0000000002340800 Uncommon trap: reason=unstable_if action=reinterpret pc=0x000000000289a0dc method=com.android.dx.rop.cst.Constant.compareTo(Lcom/android/dx/rop/cst/Constant;)I @ 12
Event: 8.278 Thread 0x0000000002340800 Uncommon trap: reason=bimorphic action=maybe_recompile pc=0x0000000002a7d288 method=com.android.dx.ssa.SCCP.simulatePhi(Lcom/android/dx/ssa/PhiInsn;)V @ 124
Event: 8.278 Thread 0x0000000002340800 Uncommon trap: reason=bimorphic action=maybe_recompile pc=0x0000000002a7d288 method=com.android.dx.ssa.SCCP.simulatePhi(Lcom/android/dx/ssa/PhiInsn;)V @ 124
Event: 10.226 Thread 0x0000000002340800 Uncommon trap: reason=class_check action=maybe_recompile pc=0x0000000002a21890 method=com.android.dx.rop.code.RegisterSpec.withSimpleType()Lcom/android/dx/rop/code/RegisterSpec; @ 21
Event: 11.795 Thread 0x0000000002340800 Uncommon trap: reason=class_check action=maybe_recompile pc=0x0000000002b1f4a8 method=com.android.dx.cf.code.RopperMachine.run(Lcom/android/dx/cf/code/Frame;II)V @ 988
Event: 11.798 Thread 0x0000000002340800 Uncommon trap: reason=unstable_if action=reinterpret pc=0x000000000299875c method=com.android.dx.ssa.SCCP.simulateBranch(Lcom/android/dx/ssa/SsaInsn;)V @ 64
Event: 11.802 Thread 0x0000000002340800 Uncommon trap: reason=unloaded action=reinterpret pc=0x00000000029d0158 method=com.android.dx.ssa.LiteralOpUpgrader$1.visitNonMoveInsn(Lcom/android/dx/ssa/NormalSsaInsn;)V @ 72
Event: 11.803 Thread 0x0000000002340800 Uncommon trap: reason=unstable_if action=reinterpret pc=0x00000000028d2a1c method=com.android.dx.ssa.SsaMethod.updateOneDefinition(Lcom/android/dx/ssa/SsaInsn;Lcom/android/dx/rop/code/RegisterSpec;)V @ 4
Event: 12.241 Thread 0x0000000002340800 Uncommon trap: reason=bimorphic action=maybe_recompile pc=0x0000000002a7d288 method=com.android.dx.ssa.SCCP.simulatePhi(Lcom/android/dx/ssa/PhiInsn;)V @ 124
Event: 12.242 Thread 0x0000000002340800 Uncommon trap: reason=bimorphic action=maybe_recompile pc=0x0000000002a7d288 method=com.android.dx.ssa.SCCP.simulatePhi(Lcom/android/dx/ssa/PhiInsn;)V @ 124

Internal exceptions (5 events):
Event: 0.174 Thread 0x0000000002340800 Exception <a 'java/lang/NoSuchMethodError': Method sun.misc.Unsafe.defineClass(Ljava/lang/String;[BII)Ljava/lang/Class; name or signature does not match> (0x00000000eab130a8) thrown at [C:\re\workspace\8-2-build-windows-amd64-cygwin\jdk8u60\4407\hotspot\srsÚœbOÆ?
Event: 0.174 Thread 0x0000000002340800 Exception <a 'java/lang/NoSuchMethodError': Method sun.misc.Unsafe.prefetchRead(Ljava/lang/Object;J)V name or signature does not match> (0x00000000eab13390) thrown at [C:\re\workspace\8-2-build-windows-amd64-cygwin\jdk8u60\4407\hotspot\src\share\vm\prims\jª7lM	@
Event: 3.132 Thread 0x0000000002340800 Implicit null exception at 0x0000000002816fa2 to 0x0000000002817092
Event: 3.134 Thread 0x0000000002340800 Implicit null exception at 0x00000000027bc4be to 0x00000000027be029
Event: 3.135 Thread 0x0000000002340800 Implicit null exception at 0x00000000027c71e7 to 0x00000000027c8c95

Events (10 events):
Event: 11.803 Thread 0x0000000002340800 DEOPT PACKING pc=0x00000000028d2a1c sp=0x000000000233e400
Event: 11.803 Thread 0x0000000002340800 DEOPT UNPACKING pc=0x000000000248582a sp=0x000000000233e3a8 mode 2
Event: 11.847 Executing VM operation: ParallelGCFailedAllocation
Event: 12.036 Executing VM operation: ParallelGCFailedAllocation done
Event: 12.241 Thread 0x0000000002340800 Uncommon trap: trap_request=0xffffffc6 fr.pc=0x0000000002a7d288
Event: 12.241 Thread 0x0000000002340800 DEOPT PACKING pc=0x0000000002a7d288 sp=0x000000000233e500
Event: 12.242 Thread 0x0000000002340800 DEOPT UNPACKING pc=0x000000000248582a sp=0x000000000233e4c8 mode 2
Event: 12.242 Thread 0x0000000002340800 Uncommon trap: trap_request=0xffffffc6 fr.pc=0x0000000002a7d288
Event: 12.242 Thread 0x0000000002340800 DEOPT PACKING pc=0x0000000002a7d288 sp=0x000000000233e500
Event: 12.242 Thread 0x0000000002340800 DEOPT UNPACKING pc=0x000000000248582a sp=0x000000000233e4c8 mode 2


Dynamic libraries:
0x00007ff64d5f0000 - 0x00007ff64d627000 	C:\Program Files\Java\jdk1.8.0_60\bin\java.exe
0x00007ffa32df0000 - 0x00007ffa32f9c000 	C:\Windows\SYSTEM32\ntdll.dll
0x00007ffa31c60000 - 0x00007ffa31d9e000 	C:\Windows\system32\KERNEL32.DLL
0x00007ffa30350000 - 0x00007ffa30465000 	C:\Windows\system32\KERNELBASE.dll
0x00007ffa2eae0000 - 0x00007ffa2eb6e000 	C:\Windows\system32\apphelp.dll
0x00007ffa1bb60000 - 0x00007ffa1bbb3000 	C:\Windows\AppPatch\AppPatch64\AcGenral.DLL
0x00007ffa32c80000 - 0x00007ffa32d2a000 	C:\Windows\system32\msvcrt.dll
0x00007ffa2fd70000 - 0x00007ffa2fd9e000 	C:\Windows\SYSTEM32\SspiCli.dll
0x00007ffa32ac0000 - 0x00007ffa32b14000 	C:\Windows\system32\SHLWAPI.dll
0x00007ffa323c0000 - 0x00007ffa32537000 	C:\Windows\system32\USER32.dll
0x00007ffa32760000 - 0x00007ffa328f4000 	C:\Windows\system32\ole32.dll
0x00007ffa30700000 - 0x00007ffa31c18000 	C:\Windows\system32\SHELL32.dll
0x00007ffa2f540000 - 0x00007ffa2f561000 	C:\Windows\SYSTEM32\USERENV.dll
0x00007ffa320b0000 - 0x00007ffa3215a000 	C:\Windows\system32\ADVAPI32.dll
0x00007ffa291e0000 - 0x00007ffa291fe000 	C:\Windows\SYSTEM32\MPR.dll
0x00007ffa32610000 - 0x00007ffa32751000 	C:\Windows\system32\RPCRT4.dll
0x00007ffa30470000 - 0x00007ffa304c9000 	C:\Windows\SYSTEM32\sechost.dll
0x00007ffa304e0000 - 0x00007ffa306f1000 	C:\Windows\SYSTEM32\combase.dll
0x00007ffa31da0000 - 0x00007ffa31ef1000 	C:\Windows\system32\GDI32.dll
0x00007ffa2ff40000 - 0x00007ffa2ff55000 	C:\Windows\SYSTEM32\profapi.dll
0x00007ffa2e280000 - 0x00007ffa2e332000 	C:\Windows\SYSTEM32\SHCORE.dll
0x00007ffa31c20000 - 0x00007ffa31c56000 	C:\Windows\system32\IMM32.DLL
0x00007ffa32b20000 - 0x00007ffa32c72000 	C:\Windows\system32\MSCTF.dll
0x00007ffa2d6c0000 - 0x00007ffa2d93b000 	C:\Windows\WinSxS\amd64_microsoft.windows.common-controls_6595b64144ccf1df_6.0.9600.17415_none_6240486fecbd8abb\COMCTL32.dll
0x0000000075c40000 - 0x0000000075d12000 	C:\Program Files\Java\jdk1.8.0_60\jre\bin\msvcr100.dll
0x00000000761a0000 - 0x0000000076a29000 	C:\Program Files\Java\jdk1.8.0_60\jre\bin\server\jvm.dll
0x00007ffa286d0000 - 0x00007ffa286d9000 	C:\Windows\SYSTEM32\WSOCK32.dll
0x00007ffa28fa0000 - 0x00007ffa28fc2000 	C:\Windows\SYSTEM32\WINMM.dll
0x00007ffa28f70000 - 0x00007ffa28f7a000 	C:\Windows\SYSTEM32\VERSION.dll
0x00007ffa321d0000 - 0x00007ffa321d7000 	C:\Windows\system32\PSAPI.DLL
0x00007ffa32a60000 - 0x00007ffa32aba000 	C:\Windows\system32\WS2_32.dll
0x00007ffa28d30000 - 0x00007ffa28d5a000 	C:\Windows\SYSTEM32\WINMMBASE.dll
0x00007ffa32a30000 - 0x00007ffa32a39000 	C:\Windows\system32\NSI.dll
0x00007ffa30300000 - 0x00007ffa3034f000 	C:\Windows\SYSTEM32\cfgmgr32.dll
0x00007ffa2ed30000 - 0x00007ffa2ed58000 	C:\Windows\SYSTEM32\DEVOBJ.dll
0x00000000760b0000 - 0x00000000760bf000 	C:\Program Files\Java\jdk1.8.0_60\jre\bin\verify.dll
0x0000000076080000 - 0x00000000760a9000 	C:\Program Files\Java\jdk1.8.0_60\jre\bin\java.dll
0x0000000076060000 - 0x0000000076076000 	C:\Program Files\Java\jdk1.8.0_60\jre\bin\zip.dll

VM Arguments:
jvm_args: -Xmx1024M -Dfile.encoding=windows-1251 -Duser.country=RU -Duser.language=ru -Duser.variant 
java_command: com.android.dx.command.Main --dex --output C:\Users\admin\AndroidStudioProjects\Lab-Android-DesignLibrary\app\build\intermediates\pre-dexed\debug\internal_impl-22.2.1-9e834383cf1c91946a7d06133dc33a4558530044.jar C:\Users\admin\AndroidStudioProjects\Lab-Android-DesignLibrary\app\build\intermediates\exploded-aar\com.android.support\support-v4\22.2.1\jars\libs\internal_impl-22.2.1.jar
java_class_path (initial): C:\Users\admin\AppData\Local\Android\sdk\build-tools\22.0.1\lib\dx.jar
Launcher Type: SUN_STANDARD

Environment Variables:
JAVA_HOME=C:\Program Files\Java\jdk1.8.0_60
PATH=C:\ProgramData\Oracle\Java\javapath;C:\Windows\system32;C:\Windows;C:\Windows\System32\Wbem;C:\Windows\System32\WindowsPowerShell\v1.0\;C:\Program Files (x86)\Git\cmd;C:\Program Files (x86)\Git\bin;C:\Program Files (x86)\Skype\Phone\
USERNAME=admin
OS=Windows_NT
PROCESSOR_IDENTIFIER=Intel64 Family 6 Model 37 Stepping 2, GenuineIntel



---------------  S Y S T E M  ---------------

OS: Windows 8.1 , 64 bit Build 9600 (6.3.9600.17415)

CPU:total 4 (2 cores per cpu, 2 threads per core) family 6 model 37 stepping 2, cmov, cx8, fxsr, mmx, sse, sse2, sse3, ssse3, sse4.1, sse4.2, popcnt, ht, tsc, tscinvbit

Memory: 4k page, physical 3977772k(757212k free), swap 6074924k(8552k free)

vm_info: Java HotSpot(TM) 64-Bit Server VM (25.60-b23) for windows-amd64 JRE (1.8.0_60-b27), built on Aug  4 2015 11:06:27 by "java_re" with MS VC++ 10.0 (VS2010)

time: Sat Aug 29 18:12:51 2015
elapsed time: 12 seconds (0d 0h 0m 12s)

