#
# There is insufficient memory for the Java Runtime Environment to continue.
# Native memory allocation (malloc) failed to allocate 1506016 bytes for Chunk::new
# Possible reasons:
#   The system is out of physical RAM or swap space
#   In 32 bit mode, the process size limit was hit
# Possible solutions:
#   Reduce memory load on the system
#   Increase physical memory or swap space
#   Check if swap backing store is full
#   Use 64 bit Java on a 64 bit OS
#   Decrease Java heap size (-Xmx/-Xms)
#   Decrease number of Java threads
#   Decrease Java thread stack sizes (-Xss)
#   Set larger code cache with -XX:ReservedCodeCacheSize=
# This output file may be truncated or incomplete.
#
#  Out of Memory Error (allocation.cpp:390), pid=2884, tid=4480
#
# JRE version: Java(TM) SE Runtime Environment (8.0_60-b27) (build 1.8.0_60-b27)
# Java VM: Java HotSpot(TM) 64-Bit Server VM (25.60-b23 mixed mode windows-amd64 compressed oops)
# Failed to write core dump. Minidumps are not enabled by default on client versions of Windows
#

---------------  T H R E A D  ---------------

Current thread (0x000000001482c000):  JavaThread "C2 CompilerThread1" daemon [_thread_in_native, id=4480, stack(0x0000000015f70000,0x0000000016070000)]

Stack: [0x0000000015f70000,0x0000000016070000]
[error occurred during error reporting (printing stack bounds), id 0xc0000005]

Native frames: (J=compiled Java code, j=interpreted, Vv=VM code, C=native code)


Current CompileTask:
C2:  12205 1606   !   4       com.android.dx.cf.code.Ropper::processBlock (1101 bytes)


---------------  P R O C E S S  ---------------

Java Threads: ( => current thread )
  0x0000000016190800 JavaThread "Service Thread" daemon [_thread_blocked, id=4448, stack(0x0000000016570000,0x0000000016670000)]
  0x0000000014884800 JavaThread "C1 CompilerThread2" daemon [_thread_blocked, id=4924, stack(0x0000000016070000,0x0000000016170000)]
=>0x000000001482c000 JavaThread "C2 CompilerThread1" daemon [_thread_in_native, id=4480, stack(0x0000000015f70000,0x0000000016070000)]
  0x0000000014829000 JavaThread "C2 CompilerThread0" daemon [_thread_in_native, id=4576, stack(0x0000000015e70000,0x0000000015f70000)]
  0x0000000014837000 JavaThread "Attach Listener" daemon [_thread_blocked, id=320, stack(0x0000000015d70000,0x0000000015e70000)]
  0x0000000014835800 JavaThread "Signal Dispatcher" daemon [_thread_blocked, id=3548, stack(0x0000000015c70000,0x0000000015d70000)]
  0x0000000002090000 JavaThread "Finalizer" daemon [_thread_blocked, id=3904, stack(0x0000000015a90000,0x0000000015b90000)]
  0x000000000208d000 JavaThread "Reference Handler" daemon [_thread_blocked, id=4428, stack(0x0000000015990000,0x0000000015a90000)]
  0x0000000001fa0800 JavaThread "main" [_thread_in_Java, id=4392, stack(0x0000000000720000,0x0000000000820000)]

Other Threads:
  0x00000000147f7000 VMThread [stack: 0x0000000015890000,0x0000000015990000] [id=4192]
  0x0000000016193000 WatcherThread [stack: 0x0000000016670000,0x0000000016770000] [id=4420]

VM state:not at safepoint (normal execution)

VM Mutex/Monitor currently owned by a thread: None

Heap:
 PSYoungGen      total 34304K, used 5056K [0x00000000eab00000, 0x00000000ecf00000, 0x0000000100000000)
  eden space 31744K, 7% used [0x00000000eab00000,0x00000000ead78118,0x00000000eca00000)
  from space 2560K, 98% used [0x00000000ecc80000,0x00000000ecef8018,0x00000000ecf00000)
  to   space 2560K, 0% used [0x00000000eca00000,0x00000000eca00000,0x00000000ecc80000)
 ParOldGen       total 42496K, used 9193K [0x00000000c0000000, 0x00000000c2980000, 0x00000000eab00000)
  object space 42496K, 21% used [0x00000000c0000000,0x00000000c08fa6b8,0x00000000c2980000)
 Metaspace       used 5916K, capacity 7088K, committed 7296K, reserved 1056768K
  class space    used 565K, capacity 616K, committed 640K, reserved 1048576K

Card table byte_map: [0x0000000011520000,0x0000000011730000] byte_map_base: 0x0000000010f20000

Marking Bits: (ParMarkBitMap*) 0x00000000769aa5b0
 Begin Bits: [0x0000000011c90000, 0x0000000012c90000)
 End Bits:   [0x0000000012c90000, 0x0000000013c90000)

Polling page: 0x0000000000820000

CodeCache: size=245760Kb used=7431Kb max_used=7431Kb free=238328Kb
 bounds [0x0000000002160000, 0x00000000028b0000, 0x0000000011160000]
 total_blobs=1889 nmethods=1625 adapters=178
 compilation: enabled

Compilation events (10 events):
Event: 12.179 Thread 0x0000000014884800 1626       1       com.android.dx.ssa.MoveParamCombiner$1::visitPhiInsn (1 bytes)
Event: 12.179 Thread 0x0000000014884800 nmethod 1626 0x00000000028a6350 code [0x00000000028a64a0, 0x00000000028a65b0]
Event: 12.181 Thread 0x0000000014884800 1627       3       com.android.dx.ssa.back.FirstFitLocalCombiningAllocator$Multiset::add (68 bytes)
Event: 12.181 Thread 0x0000000014884800 nmethod 1627 0x0000000002885810 code [0x00000000028859a0, 0x0000000002885c90]
Event: 12.183 Thread 0x0000000014884800 1628       1       com.android.dx.rop.cst.TypedConstant::getFrameType (2 bytes)
Event: 12.183 Thread 0x0000000014884800 nmethod 1628 0x00000000028a2250 code [0x00000000028a23a0, 0x00000000028a24b0]
Event: 12.186 Thread 0x0000000014884800 1629       2       com.android.dx.ssa.SCCP::simulateBlock (54 bytes)
Event: 12.187 Thread 0x0000000014884800 nmethod 1629 0x00000000028a1ad0 code [0x00000000028a1c60, 0x00000000028a1fe8]
Event: 12.192 Thread 0x0000000014884800 1630       1       com.android.dx.rop.cst.CstKnownNull::getType (4 bytes)
Event: 12.192 Thread 0x0000000014884800 nmethod 1630 0x00000000028a1810 code [0x00000000028a1960, 0x00000000028a1a70]

GC Heap History (8 events):
Event: 2.396 GC heap before
{Heap before GC invocations=1 (full 0):
 PSYoungGen      total 18432K, used 15872K [0x00000000eab00000, 0x00000000ebf80000, 0x0000000100000000)
  eden space 15872K, 100% used [0x00000000eab00000,0x00000000eba80000,0x00000000eba80000)
  from space 2560K, 0% used [0x00000000ebd00000,0x00000000ebd00000,0x00000000ebf80000)
  to   space 2560K, 0% used [0x00000000eba80000,0x00000000eba80000,0x00000000ebd00000)
 ParOldGen       total 42496K, used 0K [0x00000000c0000000, 0x00000000c2980000, 0x00000000eab00000)
  object space 42496K, 0% used [0x00000000c0000000,0x00000000c0000000,0x00000000c2980000)
 Metaspace       used 5614K, capacity 6832K, committed 7040K, reserved 1056768K
  class space    used 563K, capacity 616K, committed 640K, reserved 1048576K
Event: 2.405 GC heap after
Heap after GC invocations=1 (full 0):
 PSYoungGen      total 18432K, used 2535K [0x00000000eab00000, 0x00000000ebf80000, 0x0000000100000000)
  eden space 15872K, 0% used [0x00000000eab00000,0x00000000eab00000,0x00000000eba80000)
  from space 2560K, 99% used [0x00000000eba80000,0x00000000ebcf9c68,0x00000000ebd00000)
  to   space 2560K, 0% used [0x00000000ebd00000,0x00000000ebd00000,0x00000000ebf80000)
 ParOldGen       total 42496K, used 1585K [0x00000000c0000000, 0x00000000c2980000, 0x00000000eab00000)
  object space 42496K, 3% used [0x00000000c0000000,0x00000000c018c450,0x00000000c2980000)
 Metaspace       used 5614K, capacity 6832K, committed 7040K, reserved 1056768K
  class space    used 563K, capacity 616K, committed 640K, reserved 1048576K
}
Event: 5.315 GC heap before
{Heap before GC invocations=2 (full 0):
 PSYoungGen      total 18432K, used 18407K [0x00000000eab00000, 0x00000000ebf80000, 0x0000000100000000)
  eden space 15872K, 100% used [0x00000000eab00000,0x00000000eba80000,0x00000000eba80000)
  from space 2560K, 99% used [0x00000000eba80000,0x00000000ebcf9c68,0x00000000ebd00000)
  to   space 2560K, 0% used [0x00000000ebd00000,0x00000000ebd00000,0x00000000ebf80000)
 ParOldGen       total 42496K, used 1585K [0x00000000c0000000, 0x00000000c2980000, 0x00000000eab00000)
  object space 42496K, 3% used [0x00000000c0000000,0x00000000c018c450,0x00000000c2980000)
 Metaspace       used 5827K, capacity 7024K, committed 7296K, reserved 1056768K
  class space    used 565K, capacity 616K, committed 640K, reserved 1048576K
Event: 5.492 GC heap after
Heap after GC invocations=2 (full 0):
 PSYoungGen      total 18432K, used 2535K [0x00000000eab00000, 0x00000000ecf00000, 0x0000000100000000)
  eden space 15872K, 0% used [0x00000000eab00000,0x00000000eab00000,0x00000000eba80000)
  from space 2560K, 99% used [0x00000000ebd00000,0x00000000ebf79c98,0x00000000ebf80000)
  to   space 2560K, 0% used [0x00000000eba80000,0x00000000eba80000,0x00000000ebd00000)
 ParOldGen       total 42496K, used 3999K [0x00000000c0000000, 0x00000000c2980000, 0x00000000eab00000)
  object space 42496K, 9% used [0x00000000c0000000,0x00000000c03e7c28,0x00000000c2980000)
 Metaspace       used 5827K, capacity 7024K, committed 7296K, reserved 1056768K
  class space    used 565K, capacity 616K, committed 640K, reserved 1048576K
}
Event: 8.702 GC heap before
{Heap before GC invocations=3 (full 0):
 PSYoungGen      total 18432K, used 18407K [0x00000000eab00000, 0x00000000ecf00000, 0x0000000100000000)
  eden space 15872K, 100% used [0x00000000eab00000,0x00000000eba80000,0x00000000eba80000)
  from space 2560K, 99% used [0x00000000ebd00000,0x00000000ebf79c98,0x00000000ebf80000)
  to   space 2560K, 0% used [0x00000000eba80000,0x00000000eba80000,0x00000000ebd00000)
 ParOldGen       total 42496K, used 3999K [0x00000000c0000000, 0x00000000c2980000, 0x00000000eab00000)
  object space 42496K, 9% used [0x00000000c0000000,0x00000000c03e7c28,0x00000000c2980000)
 Metaspace       used 5899K, capacity 7088K, committed 7296K, reserved 1056768K
  class space    used 565K, capacity 616K, committed 640K, reserved 1048576K
Event: 9.244 GC heap after
Heap after GC invocations=3 (full 0):
 PSYoungGen      total 18432K, used 2528K [0x00000000eab00000, 0x00000000ecf00000, 0x0000000100000000)
  eden space 15872K, 0% used [0x00000000eab00000,0x00000000eab00000,0x00000000eba80000)
  from space 2560K, 98% used [0x00000000eba80000,0x00000000ebcf8018,0x00000000ebd00000)
  to   space 2560K, 0% used [0x00000000ecc80000,0x00000000ecc80000,0x00000000ecf00000)
 ParOldGen       total 42496K, used 6438K [0x00000000c0000000, 0x00000000c2980000, 0x00000000eab00000)
  object space 42496K, 15% used [0x00000000c0000000,0x00000000c0649850,0x00000000c2980000)
 Metaspace       used 5899K, capacity 7088K, committed 7296K, reserved 1056768K
  class space    used 565K, capacity 616K, committed 640K, reserved 1048576K
}
Event: 11.791 GC heap before
{Heap before GC invocations=4 (full 0):
 PSYoungGen      total 18432K, used 18400K [0x00000000eab00000, 0x00000000ecf00000, 0x0000000100000000)
  eden space 15872K, 100% used [0x00000000eab00000,0x00000000eba80000,0x00000000eba80000)
  from space 2560K, 98% used [0x00000000eba80000,0x00000000ebcf8018,0x00000000ebd00000)
  to   space 2560K, 0% used [0x00000000ecc80000,0x00000000ecc80000,0x00000000ecf00000)
 ParOldGen       total 42496K, used 6438K [0x00000000c0000000, 0x00000000c2980000, 0x00000000eab00000)
  object space 42496K, 15% used [0x00000000c0000000,0x00000000c0649850,0x00000000c2980000)
 Metaspace       used 5915K, capacity 7088K, committed 7296K, reserved 1056768K
  class space    used 565K, capacity 616K, committed 640K, reserved 1048576K
Event: 12.107 GC heap after
Heap after GC invocations=4 (full 0):
 PSYoungGen      total 34304K, used 2528K [0x00000000eab00000, 0x00000000ecf00000, 0x0000000100000000)
  eden space 31744K, 0% used [0x00000000eab00000,0x00000000eab00000,0x00000000eca00000)
  from space 2560K, 98% used [0x00000000ecc80000,0x00000000ecef8018,0x00000000ecf00000)
  to   space 2560K, 0% used [0x00000000eca00000,0x00000000eca00000,0x00000000ecc80000)
 ParOldGen       total 42496K, used 9193K [0x00000000c0000000, 0x00000000c2980000, 0x00000000eab00000)
  object space 42496K, 21% used [0x00000000c0000000,0x00000000c08fa6b8,0x00000000c2980000)
 Metaspace       used 5915K, capacity 7088K, committed 7296K, reserved 1056768K
  class space    used 565K, capacity 616K, committed 640K, reserved 1048576K
}

Deoptimization events (10 events):
Event: 7.590 Thread 0x0000000001fa0800 Uncommon trap: reason=unstable_if action=reinterpret pc=0x00000000024597dc method=com.android.dx.rop.cst.Constant.compareTo(Lcom/android/dx/rop/cst/Constant;)I @ 12
Event: 7.603 Thread 0x0000000001fa0800 Uncommon trap: reason=bimorphic action=maybe_recompile pc=0x0000000002798d94 method=com.android.dx.ssa.SCCP.simulatePhi(Lcom/android/dx/ssa/PhiInsn;)V @ 124
Event: 7.603 Thread 0x0000000001fa0800 Uncommon trap: reason=bimorphic action=maybe_recompile pc=0x0000000002798d94 method=com.android.dx.ssa.SCCP.simulatePhi(Lcom/android/dx/ssa/PhiInsn;)V @ 124
Event: 10.794 Thread 0x0000000001fa0800 Uncommon trap: reason=class_check action=maybe_recompile pc=0x0000000002748760 method=com.android.dx.rop.code.RegisterSpec.withSimpleType()Lcom/android/dx/rop/code/RegisterSpec; @ 21
Event: 11.760 Thread 0x0000000001fa0800 Uncommon trap: reason=class_check action=maybe_recompile pc=0x000000000282fae8 method=com.android.dx.cf.code.RopperMachine.run(Lcom/android/dx/cf/code/Frame;II)V @ 988
Event: 11.762 Thread 0x0000000001fa0800 Uncommon trap: reason=unstable_if action=reinterpret pc=0x00000000026be5dc method=com.android.dx.ssa.SCCP.simulateBranch(Lcom/android/dx/ssa/SsaInsn;)V @ 64
Event: 11.769 Thread 0x0000000001fa0800 Uncommon trap: reason=unloaded action=reinterpret pc=0x00000000027530e0 method=com.android.dx.ssa.LiteralOpUpgrader$1.visitNonMoveInsn(Lcom/android/dx/ssa/NormalSsaInsn;)V @ 72
Event: 11.770 Thread 0x0000000001fa0800 Uncommon trap: reason=unstable_if action=reinterpret pc=0x000000000257e89c method=com.android.dx.ssa.SsaMethod.updateOneDefinition(Lcom/android/dx/ssa/SsaInsn;Lcom/android/dx/rop/code/RegisterSpec;)V @ 4
Event: 12.180 Thread 0x0000000001fa0800 Uncommon trap: reason=bimorphic action=maybe_recompile pc=0x0000000002798d94 method=com.android.dx.ssa.SCCP.simulatePhi(Lcom/android/dx/ssa/PhiInsn;)V @ 124
Event: 12.180 Thread 0x0000000001fa0800 Uncommon trap: reason=bimorphic action=maybe_recompile pc=0x0000000002798d94 method=com.android.dx.ssa.SCCP.simulatePhi(Lcom/android/dx/ssa/PhiInsn;)V @ 124

Internal exceptions (5 events):
Event: 0.069 Thread 0x0000000001fa0800 Exception <a 'java/lang/NoSuchMethodError': Method sun.misc.Unsafe.defineClass(Ljava/lang/String;[BII)Ljava/lang/Class; name or signature does not match> (0x00000000eab130a8) thrown at [C:\re\workspace\8-2-build-windows-amd64-cygwin\jdk8u60\4407\hotspot\srº›Ðe;¬±?
Event: 0.069 Thread 0x0000000001fa0800 Exception <a 'java/lang/NoSuchMethodError': Method sun.misc.Unsafe.prefetchRead(Ljava/lang/Object;J)V name or signature does not match> (0x00000000eab13390) thrown at [C:\re\workspace\8-2-build-windows-amd64-cygwin\jdk8u60\4407\hotspot\src\share\vm\prims\jY¸~¥¿¿@
Event: 2.969 Thread 0x0000000001fa0800 Implicit null exception at 0x000000000255b0e2 to 0x000000000255b1d2
Event: 2.971 Thread 0x0000000001fa0800 Implicit null exception at 0x00000000024d09ef to 0x00000000024d1fcd
Event: 2.971 Thread 0x0000000001fa0800 Implicit null exception at 0x00000000024c86b1 to 0x00000000024c9a5d

Events (10 events):
Event: 11.770 Thread 0x0000000001fa0800 DEOPT PACKING pc=0x000000000257e89c sp=0x000000000081e260
Event: 11.770 Thread 0x0000000001fa0800 DEOPT UNPACKING pc=0x00000000021a582a sp=0x000000000081e208 mode 2
Event: 11.791 Executing VM operation: ParallelGCFailedAllocation
Event: 12.107 Executing VM operation: ParallelGCFailedAllocation done
Event: 12.180 Thread 0x0000000001fa0800 Uncommon trap: trap_request=0xffffffc6 fr.pc=0x0000000002798d94
Event: 12.180 Thread 0x0000000001fa0800 DEOPT PACKING pc=0x0000000002798d94 sp=0x000000000081e3b0
Event: 12.180 Thread 0x0000000001fa0800 DEOPT UNPACKING pc=0x00000000021a582a sp=0x000000000081e338 mode 2
Event: 12.180 Thread 0x0000000001fa0800 Uncommon trap: trap_request=0xffffffc6 fr.pc=0x0000000002798d94
Event: 12.180 Thread 0x0000000001fa0800 DEOPT PACKING pc=0x0000000002798d94 sp=0x000000000081e3b0
Event: 12.180 Thread 0x0000000001fa0800 DEOPT UNPACKING pc=0x00000000021a582a sp=0x000000000081e338 mode 2


Dynamic libraries:
0x00007ff64d5f0000 - 0x00007ff64d627000 	C:\Program Files\Java\jdk1.8.0_60\bin\java.exe
0x00007ffa32df0000 - 0x00007ffa32f9c000 	C:\Windows\SYSTEM32\ntdll.dll
0x00007ffa31c60000 - 0x00007ffa31d9e000 	C:\Windows\system32\KERNEL32.DLL
0x00007ffa30350000 - 0x00007ffa30465000 	C:\Windows\system32\KERNELBASE.dll
0x00007ffa2eae0000 - 0x00007ffa2eb6e000 	C:\Windows\system32\apphelp.dll
0x00007ffa1bb60000 - 0x00007ffa1bbb3000 	C:\Windows\AppPatch\AppPatch64\AcGenral.DLL
0x00007ffa32c80000 - 0x00007ffa32d2a000 	C:\Windows\system32\msvcrt.dll
0x00007ffa2fd70000 - 0x00007ffa2fd9e000 	C:\Windows\SYSTEM32\SspiCli.dll
0x00007ffa32ac0000 - 0x00007ffa32b14000 	C:\Windows\system32\SHLWAPI.dll
0x00007ffa323c0000 - 0x00007ffa32537000 	C:\Windows\system32\USER32.dll
0x00007ffa32760000 - 0x00007ffa328f4000 	C:\Windows\system32\ole32.dll
0x00007ffa30700000 - 0x00007ffa31c18000 	C:\Windows\system32\SHELL32.dll
0x00007ffa2f540000 - 0x00007ffa2f561000 	C:\Windows\SYSTEM32\USERENV.dll
0x00007ffa320b0000 - 0x00007ffa3215a000 	C:\Windows\system32\ADVAPI32.dll
0x00007ffa291e0000 - 0x00007ffa291fe000 	C:\Windows\SYSTEM32\MPR.dll
0x00007ffa32610000 - 0x00007ffa32751000 	C:\Windows\system32\RPCRT4.dll
0x00007ffa30470000 - 0x00007ffa304c9000 	C:\Windows\SYSTEM32\sechost.dll
0x00007ffa304e0000 - 0x00007ffa306f1000 	C:\Windows\SYSTEM32\combase.dll
0x00007ffa31da0000 - 0x00007ffa31ef1000 	C:\Windows\system32\GDI32.dll
0x00007ffa2ff40000 - 0x00007ffa2ff55000 	C:\Windows\SYSTEM32\profapi.dll
0x00007ffa2e280000 - 0x00007ffa2e332000 	C:\Windows\SYSTEM32\SHCORE.dll
0x00007ffa31c20000 - 0x00007ffa31c56000 	C:\Windows\system32\IMM32.DLL
0x00007ffa32b20000 - 0x00007ffa32c72000 	C:\Windows\system32\MSCTF.dll
0x00007ffa2d6c0000 - 0x00007ffa2d93b000 	C:\Windows\WinSxS\amd64_microsoft.windows.common-controls_6595b64144ccf1df_6.0.9600.17415_none_6240486fecbd8abb\COMCTL32.dll
0x0000000075c40000 - 0x0000000075d12000 	C:\Program Files\Java\jdk1.8.0_60\jre\bin\msvcr100.dll
0x00000000761a0000 - 0x0000000076a29000 	C:\Program Files\Java\jdk1.8.0_60\jre\bin\server\jvm.dll
0x00007ffa286d0000 - 0x00007ffa286d9000 	C:\Windows\SYSTEM32\WSOCK32.dll
0x00007ffa28fa0000 - 0x00007ffa28fc2000 	C:\Windows\SYSTEM32\WINMM.dll
0x00007ffa28f70000 - 0x00007ffa28f7a000 	C:\Windows\SYSTEM32\VERSION.dll
0x00007ffa321d0000 - 0x00007ffa321d7000 	C:\Windows\system32\PSAPI.DLL
0x00007ffa32a60000 - 0x00007ffa32aba000 	C:\Windows\system32\WS2_32.dll
0x00007ffa28d30000 - 0x00007ffa28d5a000 	C:\Windows\SYSTEM32\WINMMBASE.dll
0x00007ffa32a30000 - 0x00007ffa32a39000 	C:\Windows\system32\NSI.dll
0x00007ffa30300000 - 0x00007ffa3034f000 	C:\Windows\SYSTEM32\cfgmgr32.dll
0x00007ffa2ed30000 - 0x00007ffa2ed58000 	C:\Windows\SYSTEM32\DEVOBJ.dll
0x00000000760b0000 - 0x00000000760bf000 	C:\Program Files\Java\jdk1.8.0_60\jre\bin\verify.dll
0x0000000076080000 - 0x00000000760a9000 	C:\Program Files\Java\jdk1.8.0_60\jre\bin\java.dll
0x0000000076060000 - 0x0000000076076000 	C:\Program Files\Java\jdk1.8.0_60\jre\bin\zip.dll

VM Arguments:
jvm_args: -Xmx1024M -Dfile.encoding=windows-1251 -Duser.country=RU -Duser.language=ru -Duser.variant 
java_command: com.android.dx.command.Main --dex --output C:\Users\admin\AndroidStudioProjects\Lab-Android-DesignLibrary\app\build\intermediates\pre-dexed\debug\internal_impl-22.2.1-9e834383cf1c91946a7d06133dc33a4558530044.jar C:\Users\admin\AndroidStudioProjects\Lab-Android-DesignLibrary\app\build\intermediates\exploded-aar\com.android.support\support-v4\22.2.1\jars\libs\internal_impl-22.2.1.jar
java_class_path (initial): C:\Users\admin\AppData\Local\Android\sdk\build-tools\22.0.1\lib\dx.jar
Launcher Type: SUN_STANDARD

Environment Variables:
JAVA_HOME=C:\Program Files\Java\jdk1.8.0_60
PATH=C:\ProgramData\Oracle\Java\javapath;C:\Windows\system32;C:\Windows;C:\Windows\System32\Wbem;C:\Windows\System32\WindowsPowerShell\v1.0\;C:\Program Files (x86)\Git\cmd;C:\Program Files (x86)\Git\bin;C:\Program Files (x86)\Skype\Phone\
USERNAME=admin
OS=Windows_NT
PROCESSOR_IDENTIFIER=Intel64 Family 6 Model 37 Stepping 2, GenuineIntel



---------------  S Y S T E M  ---------------

OS: Windows 8.1 , 64 bit Build 9600 (6.3.9600.17415)

CPU:total 4 (2 cores per cpu, 2 threads per core) family 6 model 37 stepping 2, cmov, cx8, fxsr, mmx, sse, sse2, sse3, ssse3, sse4.1, sse4.2, popcnt, ht, tsc, tscinvbit

Memory: 4k page, physical 3977772k(631948k free), swap 6074924k(5724k free)

vm_info: Java HotSpot(TM) 64-Bit Server VM (25.60-b23) for windows-amd64 JRE (1.8.0_60-b27), built on Aug  4 2015 11:06:27 by "java_re" with MS VC++ 10.0 (VS2010)

time: Sat Aug 29 18:13:35 2015
elapsed time: 12 seconds (0d 0h 0m 12s)

